#! /c/Source/iverilog-install/bin/vvp
:ivl_version "12.0 (devel)" "(s20150603-1110-g18392a46)";
:ivl_delay_selection "TYPICAL";
:vpi_time_precision - 7;
:vpi_module "C:\iverilog\lib\ivl\system.vpi";
:vpi_module "C:\iverilog\lib\ivl\vhdl_sys.vpi";
:vpi_module "C:\iverilog\lib\ivl\vhdl_textio.vpi";
:vpi_module "C:\iverilog\lib\ivl\v2005_math.vpi";
:vpi_module "C:\iverilog\lib\ivl\va_math.vpi";
S_000001d899cb1590 .scope module, "Ganar_3_de_5_RTL_tb" "Ganar_3_de_5_RTL_tb" 2 12;
 .timescale -6 -7;
v000001d899d1cf90_0 .var "Clk", 0 0;
v000001d899d1c3b0_0 .net "ERR_11", 1 0, v000001d899c72b70_0;  1 drivers
v000001d899d1c4f0_0 .net "EST", 3 0, v000001d899c728d0_0;  1 drivers
v000001d899d1c1d0_0 .net "E_G3", 1 0, v000001d899cb18b0_0;  1 drivers
v000001d899d1c310_0 .var "J1G", 0 0;
v000001d899d1ce50_0 .var "J2G", 0 0;
v000001d899d1c630_0 .var "Reset", 0 0;
v000001d899d1c590_0 .net "V_J1G3", 1 0, v000001d899c9c7b0_0;  1 drivers
v000001d899d1c8b0_0 .net "V_J2G3", 1 0, v000001d899d1c450_0;  1 drivers
S_000001d899cb1720 .scope module, "maquina" "Ganar_3_de_5_RTL" 2 69, 3 9 0, S_000001d899cb1590;
 .timescale -6 -7;
    .port_info 0 /OUTPUT 4 "EST";
    .port_info 1 /OUTPUT 2 "V_J1G3";
    .port_info 2 /OUTPUT 2 "V_J2G3";
    .port_info 3 /OUTPUT 2 "E_G3";
    .port_info 4 /OUTPUT 2 "ERR_11";
    .port_info 5 /INPUT 1 "J1G";
    .port_info 6 /INPUT 1 "J2G";
    .port_info 7 /INPUT 1 "Reset";
    .port_info 8 /INPUT 1 "clk";
v000001d899c72b70_0 .var "ERR_11", 1 0;
v000001d899c728d0_0 .var "EST", 3 0;
v000001d899cb18b0_0 .var "E_G3", 1 0;
v000001d899cb1950_0 .net "J1G", 0 0, v000001d899d1c310_0;  1 drivers
v000001d899c9c670_0 .net "J2G", 0 0, v000001d899d1ce50_0;  1 drivers
v000001d899c9c710_0 .net "Reset", 0 0, v000001d899d1c630_0;  1 drivers
v000001d899c9c7b0_0 .var "V_J1G3", 1 0;
v000001d899d1c450_0 .var "V_J2G3", 1 0;
v000001d899d1c270_0 .net "clk", 0 0, v000001d899d1cf90_0;  1 drivers
E_000001d899c9eef0/0 .event anyedge, v000001d899c9c710_0;
E_000001d899c9eef0/1 .event negedge, v000001d899d1c270_0;
E_000001d899c9eef0 .event/or E_000001d899c9eef0/0, E_000001d899c9eef0/1;
    .scope S_000001d899cb1720;
T_0 ;
    %pushi/vec4 0, 0, 4;
    %store/vec4 v000001d899c728d0_0, 0, 4;
    %end;
    .thread T_0;
    .scope S_000001d899cb1720;
T_1 ;
    %wait E_000001d899c9eef0;
    %load/vec4 v000001d899c9c710_0;
    %flag_set/vec4 8;
    %jmp/0xz  T_1.0, 8;
    %pushi/vec4 0, 0, 4;
    %store/vec4 v000001d899c728d0_0, 0, 4;
    %pushi/vec4 0, 0, 2;
    %store/vec4 v000001d899c72b70_0, 0, 2;
    %pushi/vec4 0, 0, 2;
    %store/vec4 v000001d899c9c7b0_0, 0, 2;
    %pushi/vec4 0, 0, 2;
    %store/vec4 v000001d899d1c450_0, 0, 2;
    %pushi/vec4 0, 0, 2;
    %store/vec4 v000001d899cb18b0_0, 0, 2;
T_1.0 ;
    %load/vec4 v000001d899c728d0_0;
    %dup/vec4;
    %pushi/vec4 0, 0, 4;
    %cmp/u;
    %jmp/1 T_1.2, 6;
    %dup/vec4;
    %pushi/vec4 1, 0, 4;
    %cmp/u;
    %jmp/1 T_1.3, 6;
    %dup/vec4;
    %pushi/vec4 2, 0, 4;
    %cmp/u;
    %jmp/1 T_1.4, 6;
    %dup/vec4;
    %pushi/vec4 3, 0, 4;
    %cmp/u;
    %jmp/1 T_1.5, 6;
    %dup/vec4;
    %pushi/vec4 4, 0, 4;
    %cmp/u;
    %jmp/1 T_1.6, 6;
    %dup/vec4;
    %pushi/vec4 5, 0, 4;
    %cmp/u;
    %jmp/1 T_1.7, 6;
    %dup/vec4;
    %pushi/vec4 6, 0, 4;
    %cmp/u;
    %jmp/1 T_1.8, 6;
    %dup/vec4;
    %pushi/vec4 7, 0, 4;
    %cmp/u;
    %jmp/1 T_1.9, 6;
    %dup/vec4;
    %pushi/vec4 8, 0, 4;
    %cmp/u;
    %jmp/1 T_1.10, 6;
    %dup/vec4;
    %pushi/vec4 9, 0, 4;
    %cmp/u;
    %jmp/1 T_1.11, 6;
    %dup/vec4;
    %pushi/vec4 10, 0, 4;
    %cmp/u;
    %jmp/1 T_1.12, 6;
    %dup/vec4;
    %pushi/vec4 11, 0, 4;
    %cmp/u;
    %jmp/1 T_1.13, 6;
    %dup/vec4;
    %pushi/vec4 12, 0, 4;
    %cmp/u;
    %jmp/1 T_1.14, 6;
    %dup/vec4;
    %pushi/vec4 13, 0, 4;
    %cmp/u;
    %jmp/1 T_1.15, 6;
    %jmp T_1.16;
T_1.2 ;
    %load/vec4 v000001d899cb1950_0;
    %load/vec4 v000001d899c9c670_0;
    %and;
    %flag_set/vec4 8;
    %jmp/0xz  T_1.17, 8;
    %pushi/vec4 9, 0, 4;
    %store/vec4 v000001d899c728d0_0, 0, 4;
    %jmp T_1.18;
T_1.17 ;
    %load/vec4 v000001d899cb1950_0;
    %flag_set/vec4 8;
    %jmp/0xz  T_1.19, 8;
    %pushi/vec4 1, 0, 4;
    %store/vec4 v000001d899c728d0_0, 0, 4;
    %jmp T_1.20;
T_1.19 ;
    %load/vec4 v000001d899c9c670_0;
    %flag_set/vec4 8;
    %jmp/0xz  T_1.21, 8;
    %pushi/vec4 2, 0, 4;
    %store/vec4 v000001d899c728d0_0, 0, 4;
T_1.21 ;
T_1.20 ;
T_1.18 ;
    %jmp T_1.16;
T_1.3 ;
    %load/vec4 v000001d899cb1950_0;
    %load/vec4 v000001d899c9c670_0;
    %and;
    %flag_set/vec4 8;
    %jmp/0xz  T_1.23, 8;
    %pushi/vec4 9, 0, 4;
    %store/vec4 v000001d899c728d0_0, 0, 4;
    %jmp T_1.24;
T_1.23 ;
    %load/vec4 v000001d899cb1950_0;
    %flag_set/vec4 8;
    %jmp/0xz  T_1.25, 8;
    %pushi/vec4 4, 0, 4;
    %store/vec4 v000001d899c728d0_0, 0, 4;
    %jmp T_1.26;
T_1.25 ;
    %load/vec4 v000001d899c9c670_0;
    %flag_set/vec4 8;
    %jmp/0xz  T_1.27, 8;
    %pushi/vec4 3, 0, 4;
    %store/vec4 v000001d899c728d0_0, 0, 4;
T_1.27 ;
T_1.26 ;
T_1.24 ;
    %jmp T_1.16;
T_1.4 ;
    %load/vec4 v000001d899cb1950_0;
    %load/vec4 v000001d899c9c670_0;
    %and;
    %flag_set/vec4 8;
    %jmp/0xz  T_1.29, 8;
    %pushi/vec4 9, 0, 4;
    %store/vec4 v000001d899c728d0_0, 0, 4;
    %jmp T_1.30;
T_1.29 ;
    %load/vec4 v000001d899cb1950_0;
    %flag_set/vec4 8;
    %jmp/0xz  T_1.31, 8;
    %pushi/vec4 3, 0, 4;
    %store/vec4 v000001d899c728d0_0, 0, 4;
    %jmp T_1.32;
T_1.31 ;
    %load/vec4 v000001d899c9c670_0;
    %flag_set/vec4 8;
    %jmp/0xz  T_1.33, 8;
    %pushi/vec4 7, 0, 4;
    %store/vec4 v000001d899c728d0_0, 0, 4;
T_1.33 ;
T_1.32 ;
T_1.30 ;
    %jmp T_1.16;
T_1.5 ;
    %load/vec4 v000001d899cb1950_0;
    %load/vec4 v000001d899c9c670_0;
    %and;
    %flag_set/vec4 8;
    %jmp/0xz  T_1.35, 8;
    %pushi/vec4 9, 0, 4;
    %store/vec4 v000001d899c728d0_0, 0, 4;
    %jmp T_1.36;
T_1.35 ;
    %load/vec4 v000001d899cb1950_0;
    %flag_set/vec4 8;
    %jmp/0xz  T_1.37, 8;
    %pushi/vec4 3, 0, 4;
    %store/vec4 v000001d899c728d0_0, 0, 4;
    %jmp T_1.38;
T_1.37 ;
    %load/vec4 v000001d899c9c670_0;
    %flag_set/vec4 8;
    %jmp/0xz  T_1.39, 8;
    %pushi/vec4 2, 0, 4;
    %store/vec4 v000001d899c728d0_0, 0, 4;
T_1.39 ;
T_1.38 ;
T_1.36 ;
    %jmp T_1.16;
T_1.6 ;
    %load/vec4 v000001d899cb1950_0;
    %load/vec4 v000001d899c9c670_0;
    %and;
    %flag_set/vec4 8;
    %jmp/0xz  T_1.41, 8;
    %pushi/vec4 9, 0, 4;
    %store/vec4 v000001d899c728d0_0, 0, 4;
    %jmp T_1.42;
T_1.41 ;
    %load/vec4 v000001d899cb1950_0;
    %flag_set/vec4 8;
    %jmp/0xz  T_1.43, 8;
    %pushi/vec4 12, 0, 4;
    %store/vec4 v000001d899c728d0_0, 0, 4;
    %jmp T_1.44;
T_1.43 ;
    %load/vec4 v000001d899c9c670_0;
    %flag_set/vec4 8;
    %jmp/0xz  T_1.45, 8;
    %pushi/vec4 5, 0, 4;
    %store/vec4 v000001d899c728d0_0, 0, 4;
T_1.45 ;
T_1.44 ;
T_1.42 ;
    %jmp T_1.16;
T_1.7 ;
    %load/vec4 v000001d899cb1950_0;
    %load/vec4 v000001d899c9c670_0;
    %and;
    %flag_set/vec4 8;
    %jmp/0xz  T_1.47, 8;
    %pushi/vec4 9, 0, 4;
    %store/vec4 v000001d899c728d0_0, 0, 4;
    %jmp T_1.48;
T_1.47 ;
    %load/vec4 v000001d899cb1950_0;
    %flag_set/vec4 8;
    %jmp/0xz  T_1.49, 8;
    %pushi/vec4 10, 0, 4;
    %store/vec4 v000001d899c728d0_0, 0, 4;
    %jmp T_1.50;
T_1.49 ;
    %load/vec4 v000001d899c9c670_0;
    %flag_set/vec4 8;
    %jmp/0xz  T_1.51, 8;
    %pushi/vec4 8, 0, 4;
    %store/vec4 v000001d899c728d0_0, 0, 4;
T_1.51 ;
T_1.50 ;
T_1.48 ;
    %jmp T_1.16;
T_1.8 ;
    %load/vec4 v000001d899cb1950_0;
    %load/vec4 v000001d899c9c670_0;
    %and;
    %flag_set/vec4 8;
    %jmp/0xz  T_1.53, 8;
    %pushi/vec4 9, 0, 4;
    %store/vec4 v000001d899c728d0_0, 0, 4;
    %jmp T_1.54;
T_1.53 ;
    %load/vec4 v000001d899cb1950_0;
    %flag_set/vec4 8;
    %jmp/0xz  T_1.55, 8;
    %pushi/vec4 8, 0, 4;
    %store/vec4 v000001d899c728d0_0, 0, 4;
    %jmp T_1.56;
T_1.55 ;
    %load/vec4 v000001d899c9c670_0;
    %flag_set/vec4 8;
    %jmp/0xz  T_1.57, 8;
    %pushi/vec4 11, 0, 4;
    %store/vec4 v000001d899c728d0_0, 0, 4;
    %pushi/vec4 1, 0, 2;
    %store/vec4 v000001d899d1c450_0, 0, 2;
T_1.57 ;
T_1.56 ;
T_1.54 ;
    %jmp T_1.16;
T_1.9 ;
    %load/vec4 v000001d899cb1950_0;
    %load/vec4 v000001d899c9c670_0;
    %and;
    %flag_set/vec4 8;
    %jmp/0xz  T_1.59, 8;
    %pushi/vec4 9, 0, 4;
    %store/vec4 v000001d899c728d0_0, 0, 4;
    %jmp T_1.60;
T_1.59 ;
    %load/vec4 v000001d899cb1950_0;
    %flag_set/vec4 8;
    %jmp/0xz  T_1.61, 8;
    %pushi/vec4 6, 0, 4;
    %store/vec4 v000001d899c728d0_0, 0, 4;
    %jmp T_1.62;
T_1.61 ;
    %load/vec4 v000001d899c9c670_0;
    %flag_set/vec4 8;
    %jmp/0xz  T_1.63, 8;
    %pushi/vec4 13, 0, 4;
    %store/vec4 v000001d899c728d0_0, 0, 4;
T_1.63 ;
T_1.62 ;
T_1.60 ;
    %jmp T_1.16;
T_1.10 ;
    %load/vec4 v000001d899cb1950_0;
    %load/vec4 v000001d899c9c670_0;
    %and;
    %flag_set/vec4 8;
    %jmp/0xz  T_1.65, 8;
    %pushi/vec4 9, 0, 4;
    %store/vec4 v000001d899c728d0_0, 0, 4;
    %jmp T_1.66;
T_1.65 ;
    %load/vec4 v000001d899cb1950_0;
    %flag_set/vec4 8;
    %jmp/0xz  T_1.67, 8;
    %pushi/vec4 10, 0, 4;
    %store/vec4 v000001d899c728d0_0, 0, 4;
    %jmp T_1.68;
T_1.67 ;
    %load/vec4 v000001d899c9c670_0;
    %flag_set/vec4 8;
    %jmp/0xz  T_1.69, 8;
    %pushi/vec4 11, 0, 4;
    %store/vec4 v000001d899c728d0_0, 0, 4;
T_1.69 ;
T_1.68 ;
T_1.66 ;
    %jmp T_1.16;
T_1.11 ;
    %pushi/vec4 9, 0, 4;
    %store/vec4 v000001d899c728d0_0, 0, 4;
    %pushi/vec4 1, 0, 2;
    %store/vec4 v000001d899c72b70_0, 0, 2;
    %jmp T_1.16;
T_1.12 ;
    %pushi/vec4 10, 0, 4;
    %store/vec4 v000001d899c728d0_0, 0, 4;
    %pushi/vec4 1, 0, 2;
    %store/vec4 v000001d899c9c7b0_0, 0, 2;
    %jmp T_1.16;
T_1.13 ;
    %pushi/vec4 11, 0, 4;
    %store/vec4 v000001d899c728d0_0, 0, 4;
    %pushi/vec4 1, 0, 2;
    %store/vec4 v000001d899d1c450_0, 0, 2;
    %jmp T_1.16;
T_1.14 ;
    %pushi/vec4 12, 0, 4;
    %store/vec4 v000001d899c728d0_0, 0, 4;
    %pushi/vec4 1, 0, 2;
    %store/vec4 v000001d899c9c7b0_0, 0, 2;
    %pushi/vec4 1, 0, 2;
    %store/vec4 v000001d899cb18b0_0, 0, 2;
    %jmp T_1.16;
T_1.15 ;
    %pushi/vec4 13, 0, 4;
    %store/vec4 v000001d899c728d0_0, 0, 4;
    %pushi/vec4 1, 0, 2;
    %store/vec4 v000001d899d1c450_0, 0, 2;
    %pushi/vec4 1, 0, 2;
    %store/vec4 v000001d899cb18b0_0, 0, 2;
    %jmp T_1.16;
T_1.16 ;
    %pop/vec4 1;
    %jmp T_1;
    .thread T_1;
    .scope S_000001d899cb1590;
T_2 ;
    %delay 5, 0;
    %load/vec4 v000001d899d1cf90_0;
    %inv;
    %store/vec4 v000001d899d1cf90_0, 0, 1;
    %jmp T_2;
    .thread T_2;
    .scope S_000001d899cb1590;
T_3 ;
    %vpi_call 2 25 "$dumpfile", "maquina.vcd" {0 0 0};
    %vpi_call 2 26 "$dumpvars" {0 0 0};
    %vpi_call 2 28 "$monitor", $time, "us : ", "clk %b, J1G %b, J2G %b, V_J1G3 %b, V_J2G3 %b, E_G3 %b , ERR_11 %b, EST %d", v000001d899d1cf90_0, v000001d899d1c310_0, v000001d899d1ce50_0, v000001d899d1c590_0, v000001d899d1c8b0_0, v000001d899d1c1d0_0, v000001d899d1c3b0_0, v000001d899d1c4f0_0 {0 0 0};
    %pushi/vec4 1, 0, 1;
    %store/vec4 v000001d899d1cf90_0, 0, 1;
    %pushi/vec4 0, 0, 1;
    %store/vec4 v000001d899d1c310_0, 0, 1;
    %pushi/vec4 0, 0, 1;
    %store/vec4 v000001d899d1ce50_0, 0, 1;
    %pushi/vec4 0, 0, 1;
    %store/vec4 v000001d899d1c630_0, 0, 1;
    %delay 10, 0;
    %pushi/vec4 1, 0, 1;
    %store/vec4 v000001d899d1c630_0, 0, 1;
    %delay 10, 0;
    %pushi/vec4 0, 0, 1;
    %store/vec4 v000001d899d1c630_0, 0, 1;
    %delay 10, 0;
    %pushi/vec4 1, 0, 1;
    %store/vec4 v000001d899d1c310_0, 0, 1;
    %pushi/vec4 0, 0, 1;
    %store/vec4 v000001d899d1ce50_0, 0, 1;
    %delay 10, 0;
    %pushi/vec4 0, 0, 1;
    %store/vec4 v000001d899d1c310_0, 0, 1;
    %pushi/vec4 0, 0, 1;
    %store/vec4 v000001d899d1ce50_0, 0, 1;
    %delay 10, 0;
    %pushi/vec4 1, 0, 1;
    %store/vec4 v000001d899d1c310_0, 0, 1;
    %pushi/vec4 0, 0, 1;
    %store/vec4 v000001d899d1ce50_0, 0, 1;
    %delay 10, 0;
    %pushi/vec4 0, 0, 1;
    %store/vec4 v000001d899d1c310_0, 0, 1;
    %pushi/vec4 0, 0, 1;
    %store/vec4 v000001d899d1ce50_0, 0, 1;
    %delay 10, 0;
    %pushi/vec4 1, 0, 1;
    %store/vec4 v000001d899d1c310_0, 0, 1;
    %pushi/vec4 0, 0, 1;
    %store/vec4 v000001d899d1ce50_0, 0, 1;
    %delay 10, 0;
    %pushi/vec4 0, 0, 1;
    %store/vec4 v000001d899d1c310_0, 0, 1;
    %pushi/vec4 0, 0, 1;
    %store/vec4 v000001d899d1ce50_0, 0, 1;
    %delay 10, 0;
    %pushi/vec4 1, 0, 1;
    %store/vec4 v000001d899d1c630_0, 0, 1;
    %delay 10, 0;
    %pushi/vec4 0, 0, 1;
    %store/vec4 v000001d899d1c630_0, 0, 1;
    %delay 10, 0;
    %pushi/vec4 0, 0, 1;
    %store/vec4 v000001d899d1c310_0, 0, 1;
    %pushi/vec4 1, 0, 1;
    %store/vec4 v000001d899d1ce50_0, 0, 1;
    %delay 10, 0;
    %pushi/vec4 0, 0, 1;
    %store/vec4 v000001d899d1c310_0, 0, 1;
    %pushi/vec4 0, 0, 1;
    %store/vec4 v000001d899d1ce50_0, 0, 1;
    %delay 10, 0;
    %pushi/vec4 0, 0, 1;
    %store/vec4 v000001d899d1c310_0, 0, 1;
    %pushi/vec4 1, 0, 1;
    %store/vec4 v000001d899d1ce50_0, 0, 1;
    %delay 10, 0;
    %pushi/vec4 0, 0, 1;
    %store/vec4 v000001d899d1c310_0, 0, 1;
    %pushi/vec4 0, 0, 1;
    %store/vec4 v000001d899d1ce50_0, 0, 1;
    %delay 10, 0;
    %pushi/vec4 0, 0, 1;
    %store/vec4 v000001d899d1c310_0, 0, 1;
    %pushi/vec4 1, 0, 1;
    %store/vec4 v000001d899d1ce50_0, 0, 1;
    %delay 10, 0;
    %pushi/vec4 0, 0, 1;
    %store/vec4 v000001d899d1c310_0, 0, 1;
    %pushi/vec4 0, 0, 1;
    %store/vec4 v000001d899d1ce50_0, 0, 1;
    %delay 10, 0;
    %pushi/vec4 1, 0, 1;
    %store/vec4 v000001d899d1c630_0, 0, 1;
    %delay 10, 0;
    %pushi/vec4 0, 0, 1;
    %store/vec4 v000001d899d1c630_0, 0, 1;
    %delay 10, 0;
    %pushi/vec4 1, 0, 1;
    %store/vec4 v000001d899d1c310_0, 0, 1;
    %pushi/vec4 0, 0, 1;
    %store/vec4 v000001d899d1ce50_0, 0, 1;
    %delay 10, 0;
    %pushi/vec4 1, 0, 1;
    %store/vec4 v000001d899d1c310_0, 0, 1;
    %pushi/vec4 0, 0, 1;
    %store/vec4 v000001d899d1ce50_0, 0, 1;
    %delay 10, 0;
    %pushi/vec4 0, 0, 1;
    %store/vec4 v000001d899d1c310_0, 0, 1;
    %pushi/vec4 1, 0, 1;
    %store/vec4 v000001d899d1ce50_0, 0, 1;
    %delay 10, 0;
    %pushi/vec4 0, 0, 1;
    %store/vec4 v000001d899d1c310_0, 0, 1;
    %pushi/vec4 1, 0, 1;
    %store/vec4 v000001d899d1ce50_0, 0, 1;
    %delay 10, 0;
    %pushi/vec4 1, 0, 1;
    %store/vec4 v000001d899d1c310_0, 0, 1;
    %pushi/vec4 0, 0, 1;
    %store/vec4 v000001d899d1ce50_0, 0, 1;
    %delay 10, 0;
    %pushi/vec4 0, 0, 1;
    %store/vec4 v000001d899d1c310_0, 0, 1;
    %pushi/vec4 0, 0, 1;
    %store/vec4 v000001d899d1ce50_0, 0, 1;
    %delay 10, 0;
    %pushi/vec4 1, 0, 1;
    %store/vec4 v000001d899d1c630_0, 0, 1;
    %delay 10, 0;
    %pushi/vec4 0, 0, 1;
    %store/vec4 v000001d899d1c630_0, 0, 1;
    %delay 10, 0;
    %pushi/vec4 0, 0, 1;
    %store/vec4 v000001d899d1c310_0, 0, 1;
    %pushi/vec4 1, 0, 1;
    %store/vec4 v000001d899d1ce50_0, 0, 1;
    %delay 10, 0;
    %pushi/vec4 0, 0, 1;
    %store/vec4 v000001d899d1c310_0, 0, 1;
    %pushi/vec4 1, 0, 1;
    %store/vec4 v000001d899d1ce50_0, 0, 1;
    %delay 10, 0;
    %pushi/vec4 1, 0, 1;
    %store/vec4 v000001d899d1c310_0, 0, 1;
    %pushi/vec4 0, 0, 1;
    %store/vec4 v000001d899d1ce50_0, 0, 1;
    %delay 10, 0;
    %pushi/vec4 0, 0, 1;
    %store/vec4 v000001d899d1c310_0, 0, 1;
    %pushi/vec4 1, 0, 1;
    %store/vec4 v000001d899d1ce50_0, 0, 1;
    %delay 10, 0;
    %pushi/vec4 0, 0, 1;
    %store/vec4 v000001d899d1c310_0, 0, 1;
    %pushi/vec4 0, 0, 1;
    %store/vec4 v000001d899d1ce50_0, 0, 1;
    %delay 10, 0;
    %pushi/vec4 1, 0, 1;
    %store/vec4 v000001d899d1c630_0, 0, 1;
    %delay 10, 0;
    %pushi/vec4 0, 0, 1;
    %store/vec4 v000001d899d1c630_0, 0, 1;
    %delay 10, 0;
    %pushi/vec4 1, 0, 1;
    %store/vec4 v000001d899d1c310_0, 0, 1;
    %pushi/vec4 1, 0, 1;
    %store/vec4 v000001d899d1ce50_0, 0, 1;
    %delay 10, 0;
    %pushi/vec4 1, 0, 1;
    %store/vec4 v000001d899d1c310_0, 0, 1;
    %pushi/vec4 1, 0, 1;
    %store/vec4 v000001d899d1ce50_0, 0, 1;
    %delay 10, 0;
    %pushi/vec4 1, 0, 1;
    %store/vec4 v000001d899d1c310_0, 0, 1;
    %pushi/vec4 1, 0, 1;
    %store/vec4 v000001d899d1ce50_0, 0, 1;
    %delay 100, 0;
    %vpi_call 2 66 "$finish" {0 0 0};
    %end;
    .thread T_3;
# The file index is used to find the file name in the following table.
:file_names 4;
    "N/A";
    "<interactive>";
    ".\maquina_RLT_tb.v";
    ".\maquina_RTL.v";
